生成启动时间为 2014/10/17 20:53:59。
     1>项目“D:\documents\大二上\数电\LogicConverter\LogicConverter\LogicConverter.vcxproj”在节点 2 上(Build 个目标)。
     1>ClCompile:
         D:\Program Files (x86)\Microsoft Visual Studio 11.0\VC\bin\CL.exe /c /Zi /nologo /W3 /WX- /O2 /Oi /Oy- /GL /D WIN32 /D NDEBUG /D _CONSOLE /D _UNICODE /D UNICODE /Gm- /EHsc /MD /GS /Gy /fp:precise /Zc:wchar_t /Zc:forScope /Fo"Release\\" /Fd"Release\vc110.pdb" /Gd /TP /analyze- /errorReport:prompt main.cpp
         main.cpp
     1>main.cpp(29): warning C4101: “ex”: 未引用的局部变量
       Link:
         D:\Program Files (x86)\Microsoft Visual Studio 11.0\VC\bin\link.exe /ERRORREPORT:PROMPT /OUT:"D:\documents\大二上\数电\LogicConverter\Release\LogicConverter.exe" /INCREMENTAL:NO /NOLOGO kernel32.lib user32.lib gdi32.lib winspool.lib comdlg32.lib advapi32.lib shell32.lib ole32.lib oleaut32.lib uuid.lib odbc32.lib odbccp32.lib /MANIFEST /MANIFESTUAC:"level='asInvoker' uiAccess='false'" /manifest:embed /DEBUG /PDB:"D:\documents\大二上\数电\LogicConverter\Release\LogicConverter.pdb" /SUBSYSTEM:CONSOLE /OPT:REF /OPT:ICF /LTCG /TLBID:1 /DYNAMICBASE /NXCOMPAT /IMPLIB:"D:\documents\大二上\数电\LogicConverter\Release\LogicConverter.lib" /MACHINE:X86 /SAFESEH Release\ExpressionTree.obj
         Release\LogicExpression.obj
         Release\main.obj
         Release\MinSingle.obj
         Release\MinSum.obj
         Release\SimplifiedExpression.obj
         Release\SingleItem.obj
         正在生成代码
     1>d:\documents\大二上\数电\logicconverter\logicconverter\expressiontree.cpp(368): warning C4715: “ExpressionTree::Evaluate”: 不是所有的控件路径都返回值
         已完成代码的生成
         LogicConverter.vcxproj -> D:\documents\大二上\数电\LogicConverter\Release\LogicConverter.exe
     1>已完成生成项目“D:\documents\大二上\数电\LogicConverter\LogicConverter\LogicConverter.vcxproj”(Build 个目标)的操作。

生成成功。

已用时间 00:00:02.66
